# JRE version: OpenJDK Runtime Environment (8.0_212-b04) (build 1.8.0_212-release-1586-b04)
# Java VM: OpenJDK 64-Bit Server VM (25.212-b04 mixed mode windows-amd64 compressed oops)
Heap:
 PSYoungGen      total 224768K, used 60332K [0x00000000d5580000, 0x00000000e7100000, 0x0000000100000000)
  eden space 200192K, 21% used [0x00000000d5580000,0x00000000d7f847d0,0x00000000e1900000)
  from space 24576K, 70% used [0x00000000e1900000,0x00000000e29e6a28,0x00000000e3100000)
  to   space 25600K, 0% used [0x00000000e5800000,0x00000000e5800000,0x00000000e7100000)
 ParOldGen       total 150016K, used 43701K [0x0000000080000000, 0x0000000089280000, 0x00000000d5580000)
  object space 150016K, 29% used [0x0000000080000000,0x0000000082aad6e0,0x0000000089280000)
 Metaspace       used 59082K, capacity 61263K, committed 61440K, reserved 1101824K
  class space    used 8052K, capacity 8580K, committed 8704K, reserved 1048576K
GC Heap History (10 events):
Event: 15.146 GC heap before
{Heap before GC invocations=10 (full 2):
 PSYoungGen      total 177664K, used 10901K [0x00000000d5580000, 0x00000000e3a80000, 0x0000000100000000)
  eden space 163328K, 0% used [0x00000000d5580000,0x00000000d5580000,0x00000000df500000)
  from space 14336K, 76% used [0x00000000e0380000,0x00000000e0e254d8,0x00000000e1180000)
  to   space 14848K, 0% used [0x00000000df500000,0x00000000df500000,0x00000000e0380000)
 ParOldGen       total 64512K, used 12195K [0x0000000080000000, 0x0000000083f00000, 0x00000000d5580000)
  object space 64512K, 18% used [0x0000000080000000,0x0000000080be8ed0,0x0000000083f00000)
 Metaspace       used 34569K, capacity 35364K, committed 35456K, reserved 1079296K
  class space    used 4742K, capacity 4961K, committed 4992K, reserved 1048576K
Event: 15.320 GC heap after
Heap after GC invocations=10 (full 2):
 PSYoungGen      total 177664K, used 0K [0x00000000d5580000, 0x00000000e3a80000, 0x0000000100000000)
  eden space 163328K, 0% used [0x00000000d5580000,0x00000000d5580000,0x00000000df500000)
  from space 14336K, 0% used [0x00000000e0380000,0x00000000e0380000,0x00000000e1180000)
  to   space 14848K, 0% used [0x00000000df500000,0x00000000df500000,0x00000000e0380000)
 ParOldGen       total 93184K, used 17920K [0x0000000080000000, 0x0000000085b00000, 0x00000000d5580000)
  object space 93184K, 19% used [0x0000000080000000,0x0000000081180268,0x0000000085b00000)
 Metaspace       used 34561K, capacity 35340K, committed 35456K, reserved 1079296K
  class space    used 4739K, capacity 4957K, committed 4992K, reserved 1048576K
}
Event: 23.087 GC heap before
{Heap before GC invocations=11 (full 2):
 PSYoungGen      total 177664K, used 163328K [0x00000000d5580000, 0x00000000e3a80000, 0x0000000100000000)
  eden space 163328K, 100% used [0x00000000d5580000,0x00000000df500000,0x00000000df500000)
  from space 14336K, 0% used [0x00000000e0380000,0x00000000e0380000,0x00000000e1180000)
  to   space 14848K, 0% used [0x00000000df500000,0x00000000df500000,0x00000000e0380000)
 ParOldGen       total 93184K, used 17920K [0x0000000080000000, 0x0000000085b00000, 0x00000000d5580000)
  object space 93184K, 19% used [0x0000000080000000,0x0000000081180268,0x0000000085b00000)
 Metaspace       used 48759K, capacity 50174K, committed 50560K, reserved 1093632K
  class space    used 6526K, capacity 6936K, committed 7040K, reserved 1048576K
Event: 23.133 GC heap after
Heap after GC invocations=11 (full 2):
 PSYoungGen      total 178176K, used 14843K [0x00000000d5580000, 0x00000000e4380000, 0x0000000100000000)
  eden space 163328K, 0% used [0x00000000d5580000,0x00000000d5580000,0x00000000df500000)
  from space 14848K, 99% used [0x00000000df500000,0x00000000e037eca0,0x00000000e0380000)
  to   space 18944K, 0% used [0x00000000e3100000,0x00000000e3100000,0x00000000e4380000)
 ParOldGen       total 93184K, used 22310K [0x0000000080000000, 0x0000000085b00000, 0x00000000d5580000)
  object space 93184K, 23% used [0x0000000080000000,0x00000000815c9820,0x0000000085b00000)
 Metaspace       used 48759K, capacity 50174K, committed 50560K, reserved 1093632K
  class space    used 6526K, capacity 6936K, committed 7040K, reserved 1048576K
}
Event: 30.191 GC heap before
{Heap before GC invocations=12 (full 2):
 PSYoungGen      total 178176K, used 169553K [0x00000000d5580000, 0x00000000e4380000, 0x0000000100000000)
  eden space 163328K, 94% used [0x00000000d5580000,0x00000000dec95aa8,0x00000000df500000)
  from space 14848K, 99% used [0x00000000df500000,0x00000000e037eca0,0x00000000e0380000)
  to   space 18944K, 0% used [0x00000000e3100000,0x00000000e3100000,0x00000000e4380000)
 ParOldGen       total 93184K, used 22310K [0x0000000080000000, 0x0000000085b00000, 0x00000000d5580000)
  object space 93184K, 23% used [0x0000000080000000,0x00000000815c9820,0x0000000085b00000)
 Metaspace       used 57239K, capacity 59093K, committed 59096K, reserved 1099776K
  class space    used 7829K, capacity 8320K, committed 8320K, reserved 1048576K
Event: 30.298 GC heap after
Heap after GC invocations=12 (full 2):
 PSYoungGen      total 219136K, used 18925K [0x00000000d5580000, 0x00000000e4e80000, 0x0000000100000000)
  eden space 200192K, 0% used [0x00000000d5580000,0x00000000d5580000,0x00000000e1900000)
  from space 18944K, 99% used [0x00000000e3100000,0x00000000e437b7c0,0x00000000e4380000)
  to   space 24576K, 0% used [0x00000000e1900000,0x00000000e1900000,0x00000000e3100000)
 ParOldGen       total 93184K, used 30556K [0x0000000080000000, 0x0000000085b00000, 0x00000000d5580000)
  object space 93184K, 32% used [0x0000000080000000,0x0000000081dd7278,0x0000000085b00000)
 Metaspace       used 57239K, capacity 59093K, committed 59096K, reserved 1099776K
  class space    used 7829K, capacity 8320K, committed 8320K, reserved 1048576K
}
Event: 30.298 GC heap before
{Heap before GC invocations=13 (full 3):
 PSYoungGen      total 219136K, used 18925K [0x00000000d5580000, 0x00000000e4e80000, 0x0000000100000000)
  eden space 200192K, 0% used [0x00000000d5580000,0x00000000d5580000,0x00000000e1900000)
  from space 18944K, 99% used [0x00000000e3100000,0x00000000e437b7c0,0x00000000e4380000)
  to   space 24576K, 0% used [0x00000000e1900000,0x00000000e1900000,0x00000000e3100000)
 ParOldGen       total 93184K, used 30556K [0x0000000080000000, 0x0000000085b00000, 0x00000000d5580000)
  object space 93184K, 32% used [0x0000000080000000,0x0000000081dd7278,0x0000000085b00000)
 Metaspace       used 57239K, capacity 59093K, committed 59096K, reserved 1099776K
  class space    used 7829K, capacity 8320K, committed 8320K, reserved 1048576K
Event: 31.073 GC heap after
Heap after GC invocations=13 (full 3):
 PSYoungGen      total 219136K, used 0K [0x00000000d5580000, 0x00000000e4e80000, 0x0000000100000000)
  eden space 200192K, 0% used [0x00000000d5580000,0x00000000d5580000,0x00000000e1900000)
  from space 18944K, 0% used [0x00000000e3100000,0x00000000e3100000,0x00000000e4380000)
  to   space 24576K, 0% used [0x00000000e1900000,0x00000000e1900000,0x00000000e3100000)
 ParOldGen       total 150016K, used 43693K [0x0000000080000000, 0x0000000089280000, 0x00000000d5580000)
  object space 150016K, 29% used [0x0000000080000000,0x0000000082aab6e0,0x0000000089280000)
 Metaspace       used 57239K, capacity 59093K, committed 59096K, reserved 1099776K
  class space    used 7829K, capacity 8320K, committed 8320K, reserved 1048576K
}
Event: 35.682 GC heap before
{Heap before GC invocations=14 (full 3):
 PSYoungGen      total 219136K, used 200192K [0x00000000d5580000, 0x00000000e4e80000, 0x0000000100000000)
  eden space 200192K, 100% used [0x00000000d5580000,0x00000000e1900000,0x00000000e1900000)
  from space 18944K, 0% used [0x00000000e3100000,0x00000000e3100000,0x00000000e4380000)
  to   space 24576K, 0% used [0x00000000e1900000,0x00000000e1900000,0x00000000e3100000)
 ParOldGen       total 150016K, used 43693K [0x0000000080000000, 0x0000000089280000, 0x00000000d5580000)
  object space 150016K, 29% used [0x0000000080000000,0x0000000082aab6e0,0x0000000089280000)
 Metaspace       used 58871K, capacity 60971K, committed 61056K, reserved 1101824K
  class space    used 8039K, capacity 8548K, committed 8576K, reserved 1048576K
Event: 35.743 GC heap after
Heap after GC invocations=14 (full 3):
 PSYoungGen      total 224768K, used 17306K [0x00000000d5580000, 0x00000000e7100000, 0x0000000100000000)
  eden space 200192K, 0% used [0x00000000d5580000,0x00000000d5580000,0x00000000e1900000)
  from space 24576K, 70% used [0x00000000e1900000,0x00000000e29e6a28,0x00000000e3100000)
  to   space 25600K, 0% used [0x00000000e5800000,0x00000000e5800000,0x00000000e7100000)
 ParOldGen       total 150016K, used 43701K [0x0000000080000000, 0x0000000089280000, 0x00000000d5580000)
  object space 150016K, 29% used [0x0000000080000000,0x0000000082aad6e0,0x0000000089280000)
 Metaspace       used 58871K, capacity 60971K, committed 61056K, reserved 1101824K
  class space    used 8039K, capacity 8548K, committed 8576K, reserved 1048576K
}

